---------[Sun, 03 Apr 2022 14:55:43 GMT] [REQUEST-URL]:
 /
---------[Sun, 03 Apr 2022 14:55:51 GMT] [SEEK-SUCCESS]:
 app.js
---------[Sun, 03 Apr 2022 14:55:51 GMT] [SEEK-DATA]:
 const logger = require('./utils/Logger');
const yargs = require('yargs');
const { hideBin } = require('yargs/helpers');
const {seek} = require("./utils/FileSeeker");
const {notifications} = require("./utils/Notifications");

const argv = yargs(hideBin(process.argv)).argv;

seek(argv.dir, argv.file);

notifications.addListener('seek-success', file => {
    logger.info("[SEEK][SUCCESS]", file)
})
notifications.addListener('seek-error', err => {
    logger.info("[SEEK][ERROR]", err.toString())
})
notifications.addListener('seek-data', content => {
    logger.info("[SEEK][DATA]", content)
})
---------[Sat, 16 Apr 2022 20:34:24 GMT] [SEEK-DATA]:
 const logger = require('./utils/Logger');
const yargs = require('yargs');
const { hideBin } = require('yargs/helpers');
const {seek} = require("./utils/FileSeeker");
const {notifications} = require("./utils/Notifications");

const argv = yargs(hideBin(process.argv)).argv;

seek(argv.dir, argv.file);

notifications.addListener('seek-success', file => {
    logger.info("[SEEK][SUCCESS]", file)
})
notifications.addListener('seek-error', err => {
    logger.info("[SEEK][ERROR]", err.toString())
})
notifications.addListener('seek-data', content => {
    logger.info("[SEEK][DATA]", content)
})
---------[Sat, 16 Apr 2022 20:34:24 GMT] [SEEK-SUCCESS]:
 app.js
